[ 2014-10-14T18:18:34+08:00 ] 127.0.0.1 /zhixing/index.php/
INFO: [ app_init ] --START--
INFO: Run Behavior\BuildLiteBehavior [ RunTime:0.000025s ]
INFO: [ app_init ] --END-- [ RunTime:0.012579s ]
INFO: [ app_begin ] --START--
INFO: Run Behavior\ReadHtmlCacheBehavior [ RunTime:0.000856s ]
INFO: [ app_begin ] --END-- [ RunTime:0.000941s ]
SQL: SHOW COLUMNS FROM `zx_article` [ RunTime:0.119309s ]
SQL: SHOW COLUMNS FROM `zx_slide_show` [ RunTime:0.003023s ]
ERR: 1146:Table 'zhixing.zx_slide_show' doesn't exist
 [ SQL语句 ] : SHOW COLUMNS FROM `zx_slide_show`
SQL: SHOW COLUMNS FROM `zx_type` [ RunTime:0.020531s ]
SQL: SELECT * FROM zx_type WHERE parent='招聘信息' [ RunTime:0.017328s ]
SQL: SELECT * FROM zx_article WHERE  type='招聘信息'  OR type='招聘测试1' OR type='大大声' AND status_0=1 ORDER BY id DESC LIMIT 0,6 [ RunTime:0.007598s ]
SQL: SHOW COLUMNS FROM `zx_type` [ RunTime:0.002441s ]
SQL: SELECT * FROM zx_type WHERE parent='活动动态' [ RunTime:0.000421s ]
SQL: SELECT * FROM zx_article WHERE  type='活动动态'  OR type='sdafdsfsdsada' AND status_0=1 ORDER BY id DESC LIMIT 0,6 [ RunTime:0.000505s ]
SQL: SHOW COLUMNS FROM `zx_type` [ RunTime:0.001988s ]
SQL: SELECT * FROM zx_type WHERE parent='知行干货' [ RunTime:0.000331s ]
SQL: SELECT * FROM zx_article WHERE  type='知行干货'  OR type='ganhuo1' AND status_0=1 ORDER BY id DESC LIMIT 0,7 [ RunTime:0.000410s ]
SQL: SELECT * FROM zx_slideshow WHERE sort!=0 ORDER BY sort [ RunTime:0.033944s ]
INFO: [ view_parse ] --START--
INFO: [ template_filter ] --START--
INFO: Run Behavior\ContentReplaceBehavior [ RunTime:0.000117s ]
INFO: [ template_filter ] --END-- [ RunTime:0.000239s ]
NOTIC: [8] Undefined variable: allCss C:\wamp\www\zhixing\Application\Runtime\Cache\Home\7b77775f00e57a9d8807c87feb3333f0.php 第 7 行.
NOTIC: [2] Invalid argument supplied for foreach() C:\wamp\www\zhixing\Application\Runtime\Cache\Home\7b77775f00e57a9d8807c87feb3333f0.php 第 7 行.
NOTIC: [8] Undefined variable: allJs C:\wamp\www\zhixing\Application\Runtime\Cache\Home\7b77775f00e57a9d8807c87feb3333f0.php 第 12 行.
NOTIC: [2] Invalid argument supplied for foreach() C:\wamp\www\zhixing\Application\Runtime\Cache\Home\7b77775f00e57a9d8807c87feb3333f0.php 第 12 行.
INFO: Run Behavior\ParseTemplateBehavior [ RunTime:0.134126s ]
INFO: [ view_parse ] --END-- [ RunTime:0.134264s ]
INFO: [ view_filter ] --START--
INFO: Run Behavior\WriteHtmlCacheBehavior [ RunTime:0.014241s ]
INFO: [ view_filter ] --END-- [ RunTime:0.014364s ]
INFO: [ app_end ] --START--
INFO: Run Behavior\ShowPageTraceBehavior [ RunTime:0.008209s ]
INFO: [ app_end ] --END-- [ RunTime:0.008341s ]

[ 2014-10-14T18:18:39+08:00 ] 127.0.0.1 /zhixing/index.php/Home/Article/article/id/98.html
INFO: [ app_init ] --START--
INFO: Run Behavior\BuildLiteBehavior [ RunTime:0.000021s ]
INFO: [ app_init ] --END-- [ RunTime:0.000356s ]
INFO: [ app_begin ] --START--
INFO: Run Behavior\ReadHtmlCacheBehavior [ RunTime:0.000859s ]
INFO: [ app_begin ] --END-- [ RunTime:0.001015s ]
SQL: SHOW COLUMNS FROM `zx_article` [ RunTime:0.001811s ]
SQL: SHOW COLUMNS FROM `zx_type` [ RunTime:0.001631s ]
SQL: SELECT * FROM zx_article WHERE id=98 [ RunTime:0.000341s ]
SQL: SELECT parent FROM zx_type WHERE name='招聘测试1' [ RunTime:0.007143s ]
INFO: [ view_parse ] --START--
INFO: [ template_filter ] --START--
INFO: Run Behavior\ContentReplaceBehavior [ RunTime:0.000065s ]
INFO: [ template_filter ] --END-- [ RunTime:0.000155s ]
NOTIC: [8] Undefined variable: allCss C:\wamp\www\zhixing\Application\Runtime\Cache\Home\0dddc1bf07b419a40f4da12a1ece356d.php 第 7 行.
NOTIC: [2] Invalid argument supplied for foreach() C:\wamp\www\zhixing\Application\Runtime\Cache\Home\0dddc1bf07b419a40f4da12a1ece356d.php 第 7 行.
NOTIC: [8] Undefined variable: allJs C:\wamp\www\zhixing\Application\Runtime\Cache\Home\0dddc1bf07b419a40f4da12a1ece356d.php 第 12 行.
NOTIC: [2] Invalid argument supplied for foreach() C:\wamp\www\zhixing\Application\Runtime\Cache\Home\0dddc1bf07b419a40f4da12a1ece356d.php 第 12 行.
INFO: Run Behavior\ParseTemplateBehavior [ RunTime:0.032923s ]
INFO: [ view_parse ] --END-- [ RunTime:0.033044s ]
INFO: [ view_filter ] --START--
INFO: Run Behavior\WriteHtmlCacheBehavior [ RunTime:0.000326s ]
INFO: [ view_filter ] --END-- [ RunTime:0.000400s ]
INFO: [ app_end ] --START--
INFO: Run Behavior\ShowPageTraceBehavior [ RunTime:0.000654s ]
INFO: [ app_end ] --END-- [ RunTime:0.000751s ]

[ 2014-10-14T18:19:50+08:00 ] 127.0.0.1 /zhixing/index.php/Home/Article/index/type/%E7%9F%A5%E8%A1%8C%E5%B9%B2%E8%B4%A7.html
INFO: [ app_init ] --START--
INFO: Run Behavior\BuildLiteBehavior [ RunTime:0.000027s ]
INFO: [ app_init ] --END-- [ RunTime:0.000461s ]
INFO: [ app_begin ] --START--
INFO: Run Behavior\ReadHtmlCacheBehavior [ RunTime:0.000625s ]
INFO: [ app_begin ] --END-- [ RunTime:0.000734s ]
SQL: SHOW COLUMNS FROM `zx_article` [ RunTime:0.001725s ]
SQL: SHOW COLUMNS FROM `zx_type` [ RunTime:0.015611s ]
SQL: SELECT * FROM zx_type WHERE parent='知行干货' [ RunTime:0.000397s ]
SQL: SELECT * FROM zx_type WHERE name='知行干货' [ RunTime:0.000307s ]
NOTIC: [8] Array to string conversion C:\wamp\www\zhixing\Application\Home\Controller\ArticleController.class.php 第 16 行.
SQL: SHOW COLUMNS FROM `zx_article` [ RunTime:0.001690s ]
SQL: SELECT COUNT(*) AS tp_count FROM `zx_article` WHERE ( type='Array' AND status_0=1 ) LIMIT 1   [ RunTime:0.094034s ]
SQL: SELECT * FROM `zx_article` WHERE ( type='Array' AND status_0=1 ) ORDER BY id DESC LIMIT 0,8   [ RunTime:0.000903s ]
NOTIC: [2] Invalid argument supplied for foreach() C:\wamp\www\zhixing\Application\Home\Controller\ArticleController.class.php 第 19 行.
INFO: [ view_parse ] --START--
INFO: [ template_filter ] --START--
INFO: Run Behavior\ContentReplaceBehavior [ RunTime:0.000131s ]
INFO: [ template_filter ] --END-- [ RunTime:0.000308s ]
NOTIC: [8] Undefined variable: allCss C:\wamp\www\zhixing\Application\Runtime\Cache\Home\898face22148efbe3b0369620bf59ccd.php 第 8 行.
NOTIC: [2] Invalid argument supplied for foreach() C:\wamp\www\zhixing\Application\Runtime\Cache\Home\898face22148efbe3b0369620bf59ccd.php 第 8 行.
NOTIC: [8] Undefined variable: allJs C:\wamp\www\zhixing\Application\Runtime\Cache\Home\898face22148efbe3b0369620bf59ccd.php 第 13 行.
NOTIC: [2] Invalid argument supplied for foreach() C:\wamp\www\zhixing\Application\Runtime\Cache\Home\898face22148efbe3b0369620bf59ccd.php 第 13 行.
NOTIC: [2] Invalid argument supplied for foreach() C:\wamp\www\zhixing\Application\Runtime\Cache\Home\898face22148efbe3b0369620bf59ccd.php 第 54 行.
INFO: Run Behavior\ParseTemplateBehavior [ RunTime:0.026323s ]
INFO: [ view_parse ] --END-- [ RunTime:0.026486s ]
INFO: [ view_filter ] --START--
INFO: Run Behavior\WriteHtmlCacheBehavior [ RunTime:0.000476s ]
INFO: [ view_filter ] --END-- [ RunTime:0.000627s ]
INFO: [ app_end ] --START--
INFO: Run Behavior\ShowPageTraceBehavior [ RunTime:0.001007s ]
INFO: [ app_end ] --END-- [ RunTime:0.001160s ]

[ 2014-10-14T18:38:51+08:00 ] 127.0.0.1 /zhixing/index.php/
INFO: [ app_init ] --START--
INFO: Run Behavior\BuildLiteBehavior [ RunTime:0.000045s ]
INFO: [ app_init ] --END-- [ RunTime:0.000817s ]
INFO: [ app_begin ] --START--
INFO: Run Behavior\ReadHtmlCacheBehavior [ RunTime:0.000736s ]
INFO: [ app_begin ] --END-- [ RunTime:0.000858s ]
SQL: SHOW COLUMNS FROM `zx_article` [ RunTime:0.001747s ]
SQL: SHOW COLUMNS FROM `zx_slide_show` [ RunTime:0.001336s ]
ERR: 1146:Table 'zhixing.zx_slide_show' doesn't exist
 [ SQL语句 ] : SHOW COLUMNS FROM `zx_slide_show`
SQL: SHOW COLUMNS FROM `zx_type` [ RunTime:0.001447s ]
SQL: SELECT * FROM zx_type WHERE parent='招聘信息' [ RunTime:0.000249s ]
SQL: SELECT * FROM zx_article WHERE  type='招聘信息'  OR type='招聘测试1' OR type='大大声' AND status_0=1 ORDER BY id DESC LIMIT 0,6 [ RunTime:0.000308s ]
SQL: SHOW COLUMNS FROM `zx_type` [ RunTime:0.023886s ]
SQL: SELECT * FROM zx_type WHERE parent='活动动态' [ RunTime:0.000249s ]
SQL: SELECT * FROM zx_article WHERE  type='活动动态'  OR type='sdafdsfsdsada' AND status_0=1 ORDER BY id DESC LIMIT 0,6 [ RunTime:0.000355s ]
SQL: SHOW COLUMNS FROM `zx_type` [ RunTime:0.001651s ]
SQL: SELECT * FROM zx_type WHERE parent='知行干货' [ RunTime:0.000216s ]
SQL: SELECT * FROM zx_article WHERE  type='知行干货'  OR type='ganhuo1' AND status_0=1 ORDER BY id DESC LIMIT 0,7 [ RunTime:0.000365s ]
SQL: SELECT * FROM zx_slideshow WHERE sort!=0 ORDER BY sort [ RunTime:0.000220s ]
INFO: [ view_parse ] --START--
INFO: [ template_filter ] --START--
INFO: Run Behavior\ContentReplaceBehavior [ RunTime:0.000089s ]
INFO: [ template_filter ] --END-- [ RunTime:0.000184s ]
NOTIC: [8] Undefined variable: allCss C:\wamp\www\zhixing\Application\Runtime\Cache\Home\7b77775f00e57a9d8807c87feb3333f0.php 第 7 行.
NOTIC: [2] Invalid argument supplied for foreach() C:\wamp\www\zhixing\Application\Runtime\Cache\Home\7b77775f00e57a9d8807c87feb3333f0.php 第 7 行.
NOTIC: [8] Undefined variable: allJs C:\wamp\www\zhixing\Application\Runtime\Cache\Home\7b77775f00e57a9d8807c87feb3333f0.php 第 12 行.
NOTIC: [2] Invalid argument supplied for foreach() C:\wamp\www\zhixing\Application\Runtime\Cache\Home\7b77775f00e57a9d8807c87feb3333f0.php 第 12 行.
INFO: Run Behavior\ParseTemplateBehavior [ RunTime:0.011421s ]
INFO: [ view_parse ] --END-- [ RunTime:0.011506s ]
INFO: [ view_filter ] --START--
INFO: Run Behavior\WriteHtmlCacheBehavior [ RunTime:0.000331s ]
INFO: [ view_filter ] --END-- [ RunTime:0.000405s ]
INFO: [ app_end ] --START--
INFO: Run Behavior\ShowPageTraceBehavior [ RunTime:0.000512s ]
INFO: [ app_end ] --END-- [ RunTime:0.000590s ]

[ 2014-10-14T18:38:54+08:00 ] 127.0.0.1 /zhixing/index.php/Home/Article/index/type/%E6%8B%9B%E8%81%98%E4%BF%A1%E6%81%AF.html
INFO: [ app_init ] --START--
INFO: Run Behavior\BuildLiteBehavior [ RunTime:0.000030s ]
INFO: [ app_init ] --END-- [ RunTime:0.000495s ]
INFO: [ app_begin ] --START--
INFO: Run Behavior\ReadHtmlCacheBehavior [ RunTime:0.000832s ]
INFO: [ app_begin ] --END-- [ RunTime:0.000959s ]
SQL: SHOW COLUMNS FROM `zx_article` [ RunTime:0.002762s ]
SQL: SHOW COLUMNS FROM `zx_type` [ RunTime:0.001892s ]
SQL: SELECT * FROM zx_type WHERE parent='招聘信息' [ RunTime:0.000354s ]
SQL: SELECT * FROM zx_type WHERE name='招聘信息' [ RunTime:0.000548s ]
NOTIC: [8] Array to string conversion C:\wamp\www\zhixing\Application\Home\Controller\ArticleController.class.php 第 16 行.
SQL: SHOW COLUMNS FROM `zx_article` [ RunTime:0.002068s ]
SQL: SELECT COUNT(*) AS tp_count FROM `zx_article` WHERE ( type='Array' AND status_0=1 ) LIMIT 1   [ RunTime:0.001467s ]
SQL: SELECT * FROM `zx_article` WHERE ( type='Array' AND status_0=1 ) ORDER BY id DESC LIMIT 0,8   [ RunTime:0.001259s ]
NOTIC: [2] Invalid argument supplied for foreach() C:\wamp\www\zhixing\Application\Home\Controller\ArticleController.class.php 第 19 行.
INFO: [ view_parse ] --START--
INFO: [ template_filter ] --START--
INFO: Run Behavior\ContentReplaceBehavior [ RunTime:0.000074s ]
INFO: [ template_filter ] --END-- [ RunTime:0.000175s ]
NOTIC: [8] Undefined variable: allCss C:\wamp\www\zhixing\Application\Runtime\Cache\Home\898face22148efbe3b0369620bf59ccd.php 第 8 行.
NOTIC: [2] Invalid argument supplied for foreach() C:\wamp\www\zhixing\Application\Runtime\Cache\Home\898face22148efbe3b0369620bf59ccd.php 第 8 行.
NOTIC: [8] Undefined variable: allJs C:\wamp\www\zhixing\Application\Runtime\Cache\Home\898face22148efbe3b0369620bf59ccd.php 第 13 行.
NOTIC: [2] Invalid argument supplied for foreach() C:\wamp\www\zhixing\Application\Runtime\Cache\Home\898face22148efbe3b0369620bf59ccd.php 第 13 行.
NOTIC: [8] Undefined variable: download C:\wamp\www\zhixing\Application\Runtime\Cache\Home\898face22148efbe3b0369620bf59ccd.php 第 46 行.
NOTIC: [2] Invalid argument supplied for foreach() C:\wamp\www\zhixing\Application\Runtime\Cache\Home\898face22148efbe3b0369620bf59ccd.php 第 54 行.
INFO: Run Behavior\ParseTemplateBehavior [ RunTime:0.008531s ]
INFO: [ view_parse ] --END-- [ RunTime:0.008618s ]
INFO: [ view_filter ] --START--
INFO: Run Behavior\WriteHtmlCacheBehavior [ RunTime:0.000309s ]
INFO: [ view_filter ] --END-- [ RunTime:0.000383s ]
INFO: [ app_end ] --START--
INFO: Run Behavior\ShowPageTraceBehavior [ RunTime:0.000509s ]
INFO: [ app_end ] --END-- [ RunTime:0.000617s ]

[ 2014-10-14T18:47:24+08:00 ] 127.0.0.1 /zhixing/index.php/
INFO: [ app_init ] --START--
INFO: Run Behavior\BuildLiteBehavior [ RunTime:0.000022s ]
INFO: [ app_init ] --END-- [ RunTime:0.000411s ]
INFO: [ app_begin ] --START--
INFO: Run Behavior\ReadHtmlCacheBehavior [ RunTime:0.000591s ]
INFO: [ app_begin ] --END-- [ RunTime:0.000692s ]
SQL: SHOW COLUMNS FROM `zx_article` [ RunTime:0.001779s ]
SQL: SHOW COLUMNS FROM `zx_slide_show` [ RunTime:0.001367s ]
ERR: 1146:Table 'zhixing.zx_slide_show' doesn't exist
 [ SQL语句 ] : SHOW COLUMNS FROM `zx_slide_show`
SQL: SHOW COLUMNS FROM `zx_type` [ RunTime:0.001537s ]
SQL: SELECT * FROM zx_type WHERE parent='招聘信息' [ RunTime:0.000243s ]
SQL: SELECT * FROM zx_article WHERE  type='招聘信息'  OR type='招聘测试1' OR type='大大声' AND status_0=1 ORDER BY id DESC LIMIT 0,6 [ RunTime:0.000278s ]
SQL: SHOW COLUMNS FROM `zx_type` [ RunTime:0.002311s ]
SQL: SELECT * FROM zx_type WHERE parent='活动动态' [ RunTime:0.000285s ]
SQL: SELECT * FROM zx_article WHERE  type='活动动态'  OR type='sdafdsfsdsada' AND status_0=1 ORDER BY id DESC LIMIT 0,6 [ RunTime:0.000357s ]
SQL: SHOW COLUMNS FROM `zx_type` [ RunTime:0.001637s ]
SQL: SELECT * FROM zx_type WHERE parent='知行干货' [ RunTime:0.000227s ]
SQL: SELECT * FROM zx_article WHERE  type='知行干货'  OR type='ganhuo1' AND status_0=1 ORDER BY id DESC LIMIT 0,7 [ RunTime:0.000325s ]
SQL: SELECT * FROM zx_slideshow WHERE sort!=0 ORDER BY sort [ RunTime:0.000282s ]
INFO: [ view_parse ] --START--
INFO: [ template_filter ] --START--
INFO: Run Behavior\ContentReplaceBehavior [ RunTime:0.000099s ]
INFO: [ template_filter ] --END-- [ RunTime:0.000207s ]
NOTIC: [8] Undefined variable: allCss C:\wamp\www\zhixing\Application\Runtime\Cache\Home\7b77775f00e57a9d8807c87feb3333f0.php 第 7 行.
NOTIC: [2] Invalid argument supplied for foreach() C:\wamp\www\zhixing\Application\Runtime\Cache\Home\7b77775f00e57a9d8807c87feb3333f0.php 第 7 行.
NOTIC: [8] Undefined variable: allJs C:\wamp\www\zhixing\Application\Runtime\Cache\Home\7b77775f00e57a9d8807c87feb3333f0.php 第 12 行.
NOTIC: [2] Invalid argument supplied for foreach() C:\wamp\www\zhixing\Application\Runtime\Cache\Home\7b77775f00e57a9d8807c87feb3333f0.php 第 12 行.
INFO: Run Behavior\ParseTemplateBehavior [ RunTime:0.011899s ]
INFO: [ view_parse ] --END-- [ RunTime:0.011987s ]
INFO: [ view_filter ] --START--
INFO: Run Behavior\WriteHtmlCacheBehavior [ RunTime:0.000293s ]
INFO: [ view_filter ] --END-- [ RunTime:0.000367s ]
INFO: [ app_end ] --START--
INFO: Run Behavior\ShowPageTraceBehavior [ RunTime:0.000510s ]
INFO: [ app_end ] --END-- [ RunTime:0.000587s ]

[ 2014-10-14T19:34:14+08:00 ] 127.0.0.1 /zhixing/
INFO: [ app_init ] --START--
INFO: Run Behavior\BuildLiteBehavior [ RunTime:0.000040s ]
INFO: [ app_init ] --END-- [ RunTime:0.000729s ]
INFO: [ app_begin ] --START--
INFO: Run Behavior\ReadHtmlCacheBehavior [ RunTime:0.000758s ]
INFO: [ app_begin ] --END-- [ RunTime:0.000878s ]
SQL: SHOW COLUMNS FROM `zx_article` [ RunTime:0.001805s ]
SQL: SHOW COLUMNS FROM `zx_slide_show` [ RunTime:0.001845s ]
ERR: 1146:Table 'zhixing.zx_slide_show' doesn't exist
 [ SQL语句 ] : SHOW COLUMNS FROM `zx_slide_show`
SQL: SHOW COLUMNS FROM `zx_type` [ RunTime:0.001699s ]
SQL: SELECT * FROM zx_type WHERE parent='招聘信息' [ RunTime:0.000250s ]
SQL: SELECT * FROM zx_article WHERE  type='招聘信息'  OR type='招聘测试1' OR type='大大声' AND status_0=1 ORDER BY id DESC LIMIT 0,6 [ RunTime:0.000269s ]
SQL: SHOW COLUMNS FROM `zx_type` [ RunTime:0.001990s ]
SQL: SELECT * FROM zx_type WHERE parent='活动动态' [ RunTime:0.000214s ]
SQL: SELECT * FROM zx_article WHERE  type='活动动态'  OR type='sdafdsfsdsada' AND status_0=1 ORDER BY id DESC LIMIT 0,6 [ RunTime:0.000321s ]
SQL: SHOW COLUMNS FROM `zx_type` [ RunTime:0.001677s ]
SQL: SELECT * FROM zx_type WHERE parent='知行干货' [ RunTime:0.000219s ]
SQL: SELECT * FROM zx_article WHERE  type='知行干货'  OR type='ganhuo1' AND status_0=1 ORDER BY id DESC LIMIT 0,7 [ RunTime:0.000435s ]
SQL: SELECT * FROM zx_slideshow WHERE sort!=0 ORDER BY sort [ RunTime:0.000258s ]
INFO: [ view_parse ] --START--
INFO: [ template_filter ] --START--
INFO: Run Behavior\ContentReplaceBehavior [ RunTime:0.000096s ]
INFO: [ template_filter ] --END-- [ RunTime:0.000191s ]
NOTIC: [8] Undefined variable: allCss C:\wamp\www\zhixing\Application\Runtime\Cache\Home\7b77775f00e57a9d8807c87feb3333f0.php 第 7 行.
NOTIC: [2] Invalid argument supplied for foreach() C:\wamp\www\zhixing\Application\Runtime\Cache\Home\7b77775f00e57a9d8807c87feb3333f0.php 第 7 行.
NOTIC: [8] Undefined variable: allJs C:\wamp\www\zhixing\Application\Runtime\Cache\Home\7b77775f00e57a9d8807c87feb3333f0.php 第 12 行.
NOTIC: [2] Invalid argument supplied for foreach() C:\wamp\www\zhixing\Application\Runtime\Cache\Home\7b77775f00e57a9d8807c87feb3333f0.php 第 12 行.
INFO: Run Behavior\ParseTemplateBehavior [ RunTime:0.012069s ]
INFO: [ view_parse ] --END-- [ RunTime:0.012153s ]
INFO: [ view_filter ] --START--
INFO: Run Behavior\WriteHtmlCacheBehavior [ RunTime:0.000403s ]
INFO: [ view_filter ] --END-- [ RunTime:0.000478s ]
INFO: [ app_end ] --START--
INFO: Run Behavior\ShowPageTraceBehavior [ RunTime:0.000524s ]
INFO: [ app_end ] --END-- [ RunTime:0.000630s ]

