[ 2014-12-23T15:13:14+08:00 ] 127.0.0.1 /scaupsz/7/
INFO: [ app_init ] --START--
INFO: Run Behavior\BuildLiteBehavior [ RunTime:0.000027s ]
INFO: [ app_init ] --END-- [ RunTime:0.000525s ]
INFO: [ app_begin ] --START--
INFO: Run Behavior\ReadHtmlCacheBehavior [ RunTime:0.012153s ]
INFO: [ app_begin ] --END-- [ RunTime:0.012265s ]
NOTIC: [2] mysql_connect():  C:\wamp\www\scaupsz\7\ThinkPHP\Library\Think\Db\Driver\Mysql.class.php Á¨¨ 52 Ë°å.
ERR: ”…”⁄¡¨Ω”∑Ω‘⁄“ª∂Œ ±º‰∫Û√ª”–’˝»∑¥∏¥ªÚ¡¨Ω”µƒ÷˜ª˙√ª”–∑¥”¶£¨¡¨Ω”≥¢ ‘ ß∞‹°£


[ 2014-12-23T15:13:35+08:00 ] 127.0.0.1 /scaupsz/7/
INFO: [ app_init ] --START--
INFO: Run Behavior\BuildLiteBehavior [ RunTime:0.000039s ]
INFO: [ app_init ] --END-- [ RunTime:0.000821s ]
INFO: [ app_begin ] --START--
INFO: Run Behavior\ReadHtmlCacheBehavior [ RunTime:0.001208s ]
INFO: [ app_begin ] --END-- [ RunTime:0.001365s ]

[ 2014-12-23T15:13:35+08:00 ] 127.0.0.1 /scaupsz/7/
INFO: [ app_init ] --START--
INFO: Run Behavior\BuildLiteBehavior [ RunTime:0.000023s ]
INFO: [ app_init ] --END-- [ RunTime:0.000414s ]
INFO: [ app_begin ] --START--
INFO: Run Behavior\ReadHtmlCacheBehavior [ RunTime:0.000594s ]
INFO: [ app_begin ] --END-- [ RunTime:0.000678s ]

[ 2014-12-23T15:13:35+08:00 ] 127.0.0.1 /scaupsz/7/
INFO: [ app_init ] --START--
INFO: Run Behavior\BuildLiteBehavior [ RunTime:0.000022s ]
INFO: [ app_init ] --END-- [ RunTime:0.000384s ]
INFO: [ app_begin ] --START--
INFO: Run Behavior\ReadHtmlCacheBehavior [ RunTime:0.000560s ]
INFO: [ app_begin ] --END-- [ RunTime:0.000642s ]

[ 2014-12-23T15:13:35+08:00 ] 127.0.0.1 /scaupsz/7/
INFO: [ app_init ] --START--
INFO: Run Behavior\BuildLiteBehavior [ RunTime:0.000028s ]
INFO: [ app_init ] --END-- [ RunTime:0.000525s ]
INFO: [ app_begin ] --START--
INFO: Run Behavior\ReadHtmlCacheBehavior [ RunTime:0.001013s ]
INFO: [ app_begin ] --END-- [ RunTime:0.001148s ]

[ 2014-12-23T15:13:35+08:00 ] 127.0.0.1 /scaupsz/7/
INFO: [ app_init ] --START--
INFO: Run Behavior\BuildLiteBehavior [ RunTime:0.000029s ]
INFO: [ app_init ] --END-- [ RunTime:0.000430s ]
INFO: [ app_begin ] --START--
INFO: Run Behavior\ReadHtmlCacheBehavior [ RunTime:0.000627s ]
INFO: [ app_begin ] --END-- [ RunTime:0.000762s ]

[ 2014-12-23T15:13:35+08:00 ] 127.0.0.1 /scaupsz/7/
INFO: [ app_init ] --START--
INFO: Run Behavior\BuildLiteBehavior [ RunTime:0.000026s ]
INFO: [ app_init ] --END-- [ RunTime:0.000838s ]
INFO: [ app_begin ] --START--
INFO: Run Behavior\ReadHtmlCacheBehavior [ RunTime:0.000680s ]
INFO: [ app_begin ] --END-- [ RunTime:0.000793s ]

[ 2014-12-23T15:13:35+08:00 ] 127.0.0.1 /scaupsz/7/
INFO: [ app_init ] --START--
INFO: Run Behavior\BuildLiteBehavior [ RunTime:0.000025s ]
INFO: [ app_init ] --END-- [ RunTime:0.000536s ]
INFO: [ app_begin ] --START--
INFO: Run Behavior\ReadHtmlCacheBehavior [ RunTime:0.000764s ]
INFO: [ app_begin ] --END-- [ RunTime:0.000853s ]

[ 2014-12-23T15:13:35+08:00 ] 127.0.0.1 /scaupsz/7/
INFO: [ app_init ] --START--
INFO: Run Behavior\BuildLiteBehavior [ RunTime:0.000025s ]
INFO: [ app_init ] --END-- [ RunTime:0.000475s ]
INFO: [ app_begin ] --START--
INFO: Run Behavior\ReadHtmlCacheBehavior [ RunTime:0.000761s ]
INFO: [ app_begin ] --END-- [ RunTime:0.000866s ]

[ 2014-12-23T15:13:35+08:00 ] 127.0.0.1 /scaupsz/7/
INFO: [ app_init ] --START--
INFO: Run Behavior\BuildLiteBehavior [ RunTime:0.000022s ]
INFO: [ app_init ] --END-- [ RunTime:0.000429s ]
INFO: [ app_begin ] --START--
INFO: Run Behavior\ReadHtmlCacheBehavior [ RunTime:0.000629s ]
INFO: [ app_begin ] --END-- [ RunTime:0.000708s ]

[ 2014-12-23T15:13:35+08:00 ] 127.0.0.1 /scaupsz/7/
INFO: [ app_init ] --START--
INFO: Run Behavior\BuildLiteBehavior [ RunTime:0.000025s ]
INFO: [ app_init ] --END-- [ RunTime:0.000522s ]
INFO: [ app_begin ] --START--
INFO: Run Behavior\ReadHtmlCacheBehavior [ RunTime:0.000592s ]
INFO: [ app_begin ] --END-- [ RunTime:0.000686s ]

[ 2014-12-23T15:43:42+08:00 ] 127.0.0.1 /scaupsz/7/
INFO: [ app_init ] --START--
INFO: Run Behavior\BuildLiteBehavior [ RunTime:0.000405s ]
INFO: [ app_init ] --END-- [ RunTime:0.027620s ]
INFO: [ app_begin ] --START--
INFO: Run Behavior\ReadHtmlCacheBehavior [ RunTime:0.013716s ]
INFO: [ app_begin ] --END-- [ RunTime:0.013848s ]
NOTIC: [2] mysql_connect():  C:\wamp\www\scaupsz\7\ThinkPHP\Library\Think\Db\Driver\Mysql.class.php Á¨¨ 52 Ë°å.
ERR: ”…”⁄¡¨Ω”∑Ω‘⁄“ª∂Œ ±º‰∫Û√ª”–’˝»∑¥∏¥ªÚ¡¨Ω”µƒ÷˜ª˙√ª”–∑¥”¶£¨¡¨Ω”≥¢ ‘ ß∞‹°£


[ 2014-12-23T15:43:58+08:00 ] 127.0.0.1 /scaupsz/7/
INFO: [ app_init ] --START--
INFO: Run Behavior\BuildLiteBehavior [ RunTime:0.000043s ]
INFO: [ app_init ] --END-- [ RunTime:0.000450s ]
INFO: [ app_begin ] --START--
INFO: Run Behavior\ReadHtmlCacheBehavior [ RunTime:0.000558s ]
INFO: [ app_begin ] --END-- [ RunTime:0.000641s ]
NOTIC: [2] mysql_connect():  C:\wamp\www\scaupsz\7\ThinkPHP\Library\Think\Db\Driver\Mysql.class.php Á¨¨ 52 Ë°å.
ERR: ”…”⁄¡¨Ω”∑Ω‘⁄“ª∂Œ ±º‰∫Û√ª”–’˝»∑¥∏¥ªÚ¡¨Ω”µƒ÷˜ª˙√ª”–∑¥”¶£¨¡¨Ω”≥¢ ‘ ß∞‹°£


